Using pre-set license

 COMMAND LINE ARGUMENTS:
/Applications/Unity/Hub/Editor/2020.3.10f1c1/Unity.app/Contents/MacOS/Unity
-adb2
-batchMode
-noUpm
-name
AssetImportWorker0
-projectPath
/Users/kongling/project/ST
-logFile
Logs/AssetImportWorker0.log
-srvPort
49951
Successfully changed project path to: /Users/kongling/project/ST
/Users/kongling/project/ST
Using Asset Import Pipeline V2.
Refreshing native plugins compatible for Editor in 41.29 ms, found 2 plugins.
Preloading 0 native plugins for Editor in 0.00 ms.
Initialize engine version: 2020.3.10f1c1 (65978a05d4e9)
[Subsystems] Discovering subsystems at path /Applications/Unity/Hub/Editor/2020.3.10f1c1/Unity.app/Contents/Resources/UnitySubsystems
[Subsystems] Discovering subsystems at path /Users/kongling/project/ST/Assets
GfxDevice: creating device client; threaded=0
2022-02-23 09:32:55.856 Unity[1473:18293] Color LCD preferred device: AMD Radeon Pro 5300M (high power)
2022-02-23 09:32:55.856 Unity[1473:18293] Metal devices available: 2
2022-02-23 09:32:55.856 Unity[1473:18293] 0: AMD Radeon Pro 5300M (high power)
2022-02-23 09:32:55.856 Unity[1473:18293] 1: Intel(R) UHD Graphics 630 (low power)
2022-02-23 09:32:55.857 Unity[1473:18293] Using device AMD Radeon Pro 5300M (high power)
Initializing Metal device caps: AMD Radeon Pro 5300M
Initialize mono
Mono path[0] = '/Applications/Unity/Hub/Editor/2020.3.10f1c1/Unity.app/Contents/Managed'
Mono path[1] = '/Applications/Unity/Hub/Editor/2020.3.10f1c1/Unity.app/Contents/MonoBleedingEdge/lib/mono/unityjit'
Mono config path = '/Applications/Unity/Hub/Editor/2020.3.10f1c1/Unity.app/Contents/MonoBleedingEdge/etc'
Using monoOptions --debugger-agent=transport=dt_socket,embedding=1,server=y,suspend=n,address=127.0.0.1:56473
Begin MonoManager ReloadAssembly
Registering precompiled unity dll's ...
Register platform support module: /Applications/Unity/Hub/Editor/2020.3.10f1c1/Unity.app/Contents/PlaybackEngines/MacStandaloneSupport/UnityEditor.OSXStandalone.Extensions.dll
Registered in 0.000770 seconds.
Native extension for OSXStandalone target not found
Refreshing native plugins compatible for Editor in 36.28 ms, found 2 plugins.
Preloading 0 native plugins for Editor in 0.00 ms.
Mono: successfully reloaded assembly
- Completed reload, in  3.194 seconds
Platform modules already initialized, skipping
Registering precompiled user dll's ...
Registered in 0.001906 seconds.
Begin MonoManager ReloadAssembly
Native extension for OSXStandalone target not found
Refreshing native plugins compatible for Editor in 0.36 ms, found 2 plugins.
Preloading 0 native plugins for Editor in 0.00 ms.
Mono: successfully reloaded assembly
- Completed reload, in  1.212 seconds
Platform modules already initialized, skipping
========================================================================
Worker process is ready to serve import requests
Launching external process: /Applications/Unity/Hub/Editor/2020.3.10f1c1/Unity.app/Contents/Tools/UnityShaderCompiler
Launched and connected shader compiler UnityShaderCompiler after 0.01 seconds
Refreshing native plugins compatible for Editor in 0.47 ms, found 2 plugins.
Preloading 0 native plugins for Editor in 0.00 ms.
Unloading 1892 Unused Serialized files (Serialized files now loaded: 0)
System memory in use before: 168.0 MB.
System memory in use after: 168.1 MB.

Unloading 22 unused Assets to reduce memory usage. Loaded Objects now: 2331.
Total: 2.044397 ms (FindLiveObjects: 0.185030 ms CreateObjectMapping: 0.068104 ms MarkObjects: 1.695470 ms  DeleteObjects: 0.094812 ms)

========================================================================
Received Import Request.
  path: Assets/GameMain/Scripts/Entity/EntityLogic/PlayerLogic.cs
  artifactKey: Guid(e08b8d1dac80b483f9c64ade7a7b0d15) Importer(815301076,1909f56bfc062723c751e8b465ee728b)
Start importing Assets/GameMain/Scripts/Entity/EntityLogic/PlayerLogic.cs using Guid(e08b8d1dac80b483f9c64ade7a7b0d15) Importer(815301076,1909f56bfc062723c751e8b465ee728b)  -> (artifact id: '5962719f651d9fa0f4d0ec113bf435a0') in 0.666749 seconds
  Import took 0.669786 seconds .

========================================================================
Received Prepare
Registering precompiled user dll's ...
Registered in 0.001846 seconds.
Begin MonoManager ReloadAssembly
Native extension for OSXStandalone target not found
Refreshing native plugins compatible for Editor in 0.36 ms, found 2 plugins.
Preloading 0 native plugins for Editor in 0.00 ms.
Mono: successfully reloaded assembly
- Completed reload, in  1.105 seconds
Platform modules already initialized, skipping
Refreshing native plugins compatible for Editor in 0.36 ms, found 2 plugins.
Preloading 0 native plugins for Editor in 0.00 ms.
Unloading 1875 Unused Serialized files (Serialized files now loaded: 0)
System memory in use before: 171.3 MB.
System memory in use after: 171.4 MB.

Unloading 17 unused Assets to reduce memory usage. Loaded Objects now: 2334.
Total: 1.596042 ms (FindLiveObjects: 0.151232 ms CreateObjectMapping: 0.052643 ms MarkObjects: 1.340880 ms  DeleteObjects: 0.050256 ms)

========================================================================
Received Import Request.
  Time since last request: 21.390316 seconds.
  path: Assets/GameMain/Scripts/Entity/EntityLogic/PlayerLogic.cs
  artifactKey: Guid(e08b8d1dac80b483f9c64ade7a7b0d15) Importer(815301076,1909f56bfc062723c751e8b465ee728b)
Start importing Assets/GameMain/Scripts/Entity/EntityLogic/PlayerLogic.cs using Guid(e08b8d1dac80b483f9c64ade7a7b0d15) Importer(815301076,1909f56bfc062723c751e8b465ee728b)  -> (artifact id: '0c2933c8a7f57e991de2ce6c3b75bb44') in 0.003683 seconds
  Import took 0.005905 seconds .

========================================================================
Received Import Request.
  Time since last request: 1.568004 seconds.
  path: Assets/GameMain/Scripts/Entity/EntityLogic/PlayerLogic.cs
  artifactKey: Guid(e08b8d1dac80b483f9c64ade7a7b0d15) Importer(815301076,1909f56bfc062723c751e8b465ee728b)
Start importing Assets/GameMain/Scripts/Entity/EntityLogic/PlayerLogic.cs using Guid(e08b8d1dac80b483f9c64ade7a7b0d15) Importer(815301076,1909f56bfc062723c751e8b465ee728b)  -> (artifact id: '0c2933c8a7f57e991de2ce6c3b75bb44') in 0.001342 seconds
  Import took 0.003585 seconds .

========================================================================
Received Prepare
Registering precompiled user dll's ...
Registered in 0.002136 seconds.
Begin MonoManager ReloadAssembly
Native extension for OSXStandalone target not found
Refreshing native plugins compatible for Editor in 0.35 ms, found 2 plugins.
Preloading 0 native plugins for Editor in 0.00 ms.
Mono: successfully reloaded assembly
- Completed reload, in  1.182 seconds
Platform modules already initialized, skipping
Refreshing native plugins compatible for Editor in 0.37 ms, found 2 plugins.
Preloading 0 native plugins for Editor in 0.00 ms.
Unloading 1875 Unused Serialized files (Serialized files now loaded: 0)
System memory in use before: 171.5 MB.
System memory in use after: 171.6 MB.

Unloading 17 unused Assets to reduce memory usage. Loaded Objects now: 2337.
Total: 1.842898 ms (FindLiveObjects: 0.191639 ms CreateObjectMapping: 0.061166 ms MarkObjects: 1.536273 ms  DeleteObjects: 0.053229 ms)

========================================================================
Received Import Request.
  Time since last request: 506.738589 seconds.
  path: Assets/GameMain/Res/stone/Texture
  artifactKey: Guid(119b69ad7170548d0b6eb1115a6190a6) Importer(815301076,1909f56bfc062723c751e8b465ee728b)
Start importing Assets/GameMain/Res/stone/Texture using Guid(119b69ad7170548d0b6eb1115a6190a6) Importer(815301076,1909f56bfc062723c751e8b465ee728b)  -> (artifact id: 'fa82e6357337498206a8ad6bd848e91d') in 0.003946 seconds
  Import took 0.007169 seconds .

========================================================================
Received Prepare
Registering precompiled user dll's ...
Registered in 0.005603 seconds.
Begin MonoManager ReloadAssembly
Native extension for OSXStandalone target not found
Refreshing native plugins compatible for Editor in 0.35 ms, found 2 plugins.
Preloading 0 native plugins for Editor in 0.00 ms.
Mono: successfully reloaded assembly
- Completed reload, in  1.131 seconds
Platform modules already initialized, skipping
Refreshing native plugins compatible for Editor in 0.36 ms, found 2 plugins.
Preloading 0 native plugins for Editor in 0.00 ms.
Unloading 1875 Unused Serialized files (Serialized files now loaded: 0)
System memory in use before: 171.7 MB.
System memory in use after: 171.8 MB.

Unloading 17 unused Assets to reduce memory usage. Loaded Objects now: 2340.
Total: 1.583701 ms (FindLiveObjects: 0.150642 ms CreateObjectMapping: 0.056743 ms MarkObjects: 1.315899 ms  DeleteObjects: 0.059763 ms)

