Using pre-set license

 COMMAND LINE ARGUMENTS:
/Applications/Unity/Hub/Editor/2020.3.10f1c1/Unity.app/Contents/MacOS/Unity
-adb2
-batchMode
-noUpm
-name
AssetImportWorker2
-projectPath
/Users/kongling/project/ST
-logFile
Logs/AssetImportWorker2.log
-srvPort
49823
Successfully changed project path to: /Users/kongling/project/ST
/Users/kongling/project/ST
Using Asset Import Pipeline V2.
Refreshing native plugins compatible for Editor in 57.28 ms, found 2 plugins.
Preloading 0 native plugins for Editor in 0.00 ms.
Initialize engine version: 2020.3.10f1c1 (65978a05d4e9)
[Subsystems] Discovering subsystems at path /Applications/Unity/Hub/Editor/2020.3.10f1c1/Unity.app/Contents/Resources/UnitySubsystems
[Subsystems] Discovering subsystems at path /Users/kongling/project/ST/Assets
GfxDevice: creating device client; threaded=0
2022-02-22 16:21:24.050 Unity[16968:1385087] Color LCD preferred device: AMD Radeon Pro 5300M (high power)
2022-02-22 16:21:24.050 Unity[16968:1385087] Metal devices available: 2
2022-02-22 16:21:24.050 Unity[16968:1385087] 0: AMD Radeon Pro 5300M (high power)
2022-02-22 16:21:24.050 Unity[16968:1385087] 1: Intel(R) UHD Graphics 630 (low power)
2022-02-22 16:21:24.051 Unity[16968:1385087] Using device AMD Radeon Pro 5300M (high power)
Initializing Metal device caps: AMD Radeon Pro 5300M
Initialize mono
Mono path[0] = '/Applications/Unity/Hub/Editor/2020.3.10f1c1/Unity.app/Contents/Managed'
Mono path[1] = '/Applications/Unity/Hub/Editor/2020.3.10f1c1/Unity.app/Contents/MonoBleedingEdge/lib/mono/unityjit'
Mono config path = '/Applications/Unity/Hub/Editor/2020.3.10f1c1/Unity.app/Contents/MonoBleedingEdge/etc'
Using monoOptions --debugger-agent=transport=dt_socket,embedding=1,server=y,suspend=n,address=127.0.0.1:56968
Begin MonoManager ReloadAssembly
Registering precompiled unity dll's ...
Register platform support module: /Applications/Unity/Hub/Editor/2020.3.10f1c1/Unity.app/Contents/PlaybackEngines/MacStandaloneSupport/UnityEditor.OSXStandalone.Extensions.dll
Registered in 0.001563 seconds.
Native extension for OSXStandalone target not found
Refreshing native plugins compatible for Editor in 45.85 ms, found 2 plugins.
Preloading 0 native plugins for Editor in 0.00 ms.
Mono: successfully reloaded assembly
- Completed reload, in  6.109 seconds
Platform modules already initialized, skipping
Registering precompiled user dll's ...
Registered in 0.004401 seconds.
Begin MonoManager ReloadAssembly
Native extension for OSXStandalone target not found
Refreshing native plugins compatible for Editor in 0.43 ms, found 2 plugins.
Preloading 0 native plugins for Editor in 0.00 ms.
Mono: successfully reloaded assembly
- Completed reload, in  1.641 seconds
Platform modules already initialized, skipping
========================================================================
Worker process is ready to serve import requests
Launching external process: /Applications/Unity/Hub/Editor/2020.3.10f1c1/Unity.app/Contents/Tools/UnityShaderCompiler
Launched and connected shader compiler UnityShaderCompiler after 0.03 seconds
Refreshing native plugins compatible for Editor in 0.50 ms, found 2 plugins.
Preloading 0 native plugins for Editor in 0.00 ms.
Unloading 1892 Unused Serialized files (Serialized files now loaded: 0)
System memory in use before: 167.5 MB.
System memory in use after: 167.6 MB.

Unloading 22 unused Assets to reduce memory usage. Loaded Objects now: 2331.
Total: 3.640094 ms (FindLiveObjects: 0.341691 ms CreateObjectMapping: 0.091008 ms MarkObjects: 3.095528 ms  DeleteObjects: 0.110550 ms)

========================================================================
Received Import Request.
  path: ProjectSettings/TagManager.asset
  artifactKey: Guid(00000000000000003000000000000000) Importer(815301076,1909f56bfc062723c751e8b465ee728b)
Start importing ProjectSettings/TagManager.asset using Guid(00000000000000003000000000000000) Importer(815301076,1909f56bfc062723c751e8b465ee728b)  -> (artifact id: 'd5dc621e141d53d72152b4639a3a2091') in 0.361906 seconds
  Import took 0.365996 seconds .

========================================================================
Received Import Request.
  Time since last request: 57.740511 seconds.
  path: Assets/GameMain/Entities/Hoshi2.prefab
  artifactKey: Guid(106d76f6b9c6e42078272ecdf26f8a67) Importer(815301076,1909f56bfc062723c751e8b465ee728b)
Start importing Assets/GameMain/Entities/Hoshi2.prefab using Guid(106d76f6b9c6e42078272ecdf26f8a67) Importer(815301076,1909f56bfc062723c751e8b465ee728b)  -> (artifact id: 'b7db23c5e964783e19cb6bfce455073b') in 0.515344 seconds
  Import took 0.521546 seconds .

========================================================================
Received Prepare
Registering precompiled user dll's ...
Registered in 0.005908 seconds.
Begin MonoManager ReloadAssembly
Native extension for OSXStandalone target not found
Refreshing native plugins compatible for Editor in 0.67 ms, found 2 plugins.
Preloading 0 native plugins for Editor in 0.00 ms.
Mono: successfully reloaded assembly
- Completed reload, in  1.588 seconds
Platform modules already initialized, skipping
Refreshing native plugins compatible for Editor in 0.39 ms, found 2 plugins.
Preloading 0 native plugins for Editor in 0.00 ms.
Unloading 1875 Unused Serialized files (Serialized files now loaded: 0)
System memory in use before: 194.3 MB.
System memory in use after: 194.4 MB.

Unloading 18 unused Assets to reduce memory usage. Loaded Objects now: 2342.
Total: 2.037172 ms (FindLiveObjects: 0.195666 ms CreateObjectMapping: 0.070736 ms MarkObjects: 1.707583 ms  DeleteObjects: 0.062386 ms)

========================================================================
Received Prepare
Registering precompiled user dll's ...
Registered in 0.005006 seconds.
Begin MonoManager ReloadAssembly
Native extension for OSXStandalone target not found
Refreshing native plugins compatible for Editor in 0.45 ms, found 2 plugins.
Preloading 0 native plugins for Editor in 0.00 ms.
Mono: successfully reloaded assembly
- Completed reload, in  1.485 seconds
Platform modules already initialized, skipping
Refreshing native plugins compatible for Editor in 0.49 ms, found 2 plugins.
Preloading 0 native plugins for Editor in 0.00 ms.
Unloading 1875 Unused Serialized files (Serialized files now loaded: 0)
System memory in use before: 194.5 MB.
System memory in use after: 194.6 MB.

Unloading 17 unused Assets to reduce memory usage. Loaded Objects now: 2345.
Total: 2.771260 ms (FindLiveObjects: 0.348889 ms CreateObjectMapping: 0.086581 ms MarkObjects: 2.250876 ms  DeleteObjects: 0.083521 ms)

========================================================================
Received Prepare
Registering precompiled user dll's ...
Registered in 0.004639 seconds.
Begin MonoManager ReloadAssembly
Native extension for OSXStandalone target not found
Refreshing native plugins compatible for Editor in 0.47 ms, found 2 plugins.
Preloading 0 native plugins for Editor in 0.00 ms.
Mono: successfully reloaded assembly
- Completed reload, in  1.537 seconds
Platform modules already initialized, skipping
Refreshing native plugins compatible for Editor in 0.72 ms, found 2 plugins.
Preloading 0 native plugins for Editor in 0.00 ms.
Unloading 1875 Unused Serialized files (Serialized files now loaded: 0)
System memory in use before: 194.7 MB.
System memory in use after: 194.8 MB.

Unloading 17 unused Assets to reduce memory usage. Loaded Objects now: 2348.
Total: 2.572521 ms (FindLiveObjects: 0.199435 ms CreateObjectMapping: 0.072623 ms MarkObjects: 2.196927 ms  DeleteObjects: 0.102162 ms)

========================================================================
Received Prepare
Registering precompiled user dll's ...
Registered in 0.004134 seconds.
Begin MonoManager ReloadAssembly
Native extension for OSXStandalone target not found
Refreshing native plugins compatible for Editor in 0.50 ms, found 2 plugins.
Preloading 0 native plugins for Editor in 0.00 ms.
Mono: successfully reloaded assembly
- Completed reload, in  1.353 seconds
Platform modules already initialized, skipping
Refreshing native plugins compatible for Editor in 0.44 ms, found 2 plugins.
Preloading 0 native plugins for Editor in 0.00 ms.
Unloading 1875 Unused Serialized files (Serialized files now loaded: 0)
System memory in use before: 194.9 MB.
System memory in use after: 195.0 MB.

Unloading 17 unused Assets to reduce memory usage. Loaded Objects now: 2351.
Total: 2.126579 ms (FindLiveObjects: 0.212073 ms CreateObjectMapping: 0.075496 ms MarkObjects: 1.771674 ms  DeleteObjects: 0.066246 ms)

========================================================================
Received Prepare
Registering precompiled user dll's ...
Registered in 0.005223 seconds.
Begin MonoManager ReloadAssembly
Native extension for OSXStandalone target not found
Refreshing native plugins compatible for Editor in 0.50 ms, found 2 plugins.
Preloading 0 native plugins for Editor in 0.00 ms.
Mono: successfully reloaded assembly
- Completed reload, in  1.581 seconds
Platform modules already initialized, skipping
Refreshing native plugins compatible for Editor in 0.73 ms, found 2 plugins.
Preloading 0 native plugins for Editor in 0.00 ms.
Unloading 1875 Unused Serialized files (Serialized files now loaded: 0)
System memory in use before: 195.0 MB.
System memory in use after: 195.1 MB.

Unloading 17 unused Assets to reduce memory usage. Loaded Objects now: 2354.
Total: 10.396134 ms (FindLiveObjects: 3.600070 ms CreateObjectMapping: 0.345465 ms MarkObjects: 6.336589 ms  DeleteObjects: 0.111964 ms)

========================================================================
Received Import Request.
  Time since last request: 1294.376757 seconds.
  path: ProjectSettings/TagManager.asset
  artifactKey: Guid(00000000000000003000000000000000) Importer(815301076,1909f56bfc062723c751e8b465ee728b)
Start importing ProjectSettings/TagManager.asset using Guid(00000000000000003000000000000000) Importer(815301076,1909f56bfc062723c751e8b465ee728b)  -> (artifact id: '7e1ab29d29695f0b90764edcf861cbbd') in 0.025782 seconds
  Import took 0.030088 seconds .

========================================================================
Received Prepare
Registering precompiled user dll's ...
Registered in 0.004168 seconds.
Begin MonoManager ReloadAssembly
Native extension for OSXStandalone target not found
Refreshing native plugins compatible for Editor in 0.50 ms, found 2 plugins.
Preloading 0 native plugins for Editor in 0.00 ms.
Mono: successfully reloaded assembly
- Completed reload, in  1.528 seconds
Platform modules already initialized, skipping
Refreshing native plugins compatible for Editor in 0.60 ms, found 2 plugins.
Preloading 0 native plugins for Editor in 0.00 ms.
Unloading 1875 Unused Serialized files (Serialized files now loaded: 0)
System memory in use before: 195.2 MB.
System memory in use after: 195.3 MB.

Unloading 18 unused Assets to reduce memory usage. Loaded Objects now: 2357.
Total: 2.223125 ms (FindLiveObjects: 0.208983 ms CreateObjectMapping: 0.073596 ms MarkObjects: 1.865769 ms  DeleteObjects: 0.073703 ms)

========================================================================
Received Prepare
Registering precompiled user dll's ...
Registered in 0.002158 seconds.
Begin MonoManager ReloadAssembly
Native extension for OSXStandalone target not found
Refreshing native plugins compatible for Editor in 0.51 ms, found 2 plugins.
Preloading 0 native plugins for Editor in 0.00 ms.
Mono: successfully reloaded assembly
- Completed reload, in  1.669 seconds
Platform modules already initialized, skipping
Refreshing native plugins compatible for Editor in 0.44 ms, found 2 plugins.
Preloading 0 native plugins for Editor in 0.00 ms.
Unloading 1875 Unused Serialized files (Serialized files now loaded: 0)
System memory in use before: 195.4 MB.
System memory in use after: 195.5 MB.

Unloading 17 unused Assets to reduce memory usage. Loaded Objects now: 2360.
Total: 2.294896 ms (FindLiveObjects: 0.239114 ms CreateObjectMapping: 0.084304 ms MarkObjects: 1.893854 ms  DeleteObjects: 0.076669 ms)

========================================================================
Received Prepare
Registering precompiled user dll's ...
Registered in 0.004218 seconds.
Begin MonoManager ReloadAssembly
Native extension for OSXStandalone target not found
Refreshing native plugins compatible for Editor in 0.62 ms, found 2 plugins.
Preloading 0 native plugins for Editor in 0.00 ms.
Mono: successfully reloaded assembly
- Completed reload, in  1.392 seconds
Platform modules already initialized, skipping
Refreshing native plugins compatible for Editor in 0.44 ms, found 2 plugins.
Preloading 0 native plugins for Editor in 0.00 ms.
Unloading 1875 Unused Serialized files (Serialized files now loaded: 0)
System memory in use before: 195.6 MB.
System memory in use after: 195.7 MB.

Unloading 17 unused Assets to reduce memory usage. Loaded Objects now: 2363.
Total: 2.369385 ms (FindLiveObjects: 0.190893 ms CreateObjectMapping: 0.080758 ms MarkObjects: 2.011543 ms  DeleteObjects: 0.084838 ms)

========================================================================
Received Prepare
Registering precompiled user dll's ...
Registered in 0.003780 seconds.
Begin MonoManager ReloadAssembly
Native extension for OSXStandalone target not found
Refreshing native plugins compatible for Editor in 0.45 ms, found 2 plugins.
Preloading 0 native plugins for Editor in 0.00 ms.
Mono: successfully reloaded assembly
- Completed reload, in  1.555 seconds
Platform modules already initialized, skipping
Refreshing native plugins compatible for Editor in 0.37 ms, found 2 plugins.
Preloading 0 native plugins for Editor in 0.00 ms.
Unloading 1875 Unused Serialized files (Serialized files now loaded: 0)
System memory in use before: 195.8 MB.
System memory in use after: 195.9 MB.

Unloading 17 unused Assets to reduce memory usage. Loaded Objects now: 2366.
Total: 2.540803 ms (FindLiveObjects: 0.203329 ms CreateObjectMapping: 0.070697 ms MarkObjects: 2.182321 ms  DeleteObjects: 0.083350 ms)

========================================================================
Received Prepare
Registering precompiled user dll's ...
Registered in 0.004884 seconds.
Begin MonoManager ReloadAssembly
Native extension for OSXStandalone target not found
Refreshing native plugins compatible for Editor in 0.39 ms, found 2 plugins.
Preloading 0 native plugins for Editor in 0.00 ms.
Mono: successfully reloaded assembly
- Completed reload, in  1.646 seconds
Platform modules already initialized, skipping
Refreshing native plugins compatible for Editor in 0.45 ms, found 2 plugins.
Preloading 0 native plugins for Editor in 0.00 ms.
Unloading 1875 Unused Serialized files (Serialized files now loaded: 0)
System memory in use before: 196.0 MB.
System memory in use after: 196.0 MB.

Unloading 17 unused Assets to reduce memory usage. Loaded Objects now: 2369.
Total: 3.008283 ms (FindLiveObjects: 0.296892 ms CreateObjectMapping: 0.106247 ms MarkObjects: 2.523109 ms  DeleteObjects: 0.080836 ms)

========================================================================
Received Import Request.
  Time since last request: 359.845325 seconds.
  path: Assets/GameMain/Entities/Hoshi2.prefab
  artifactKey: Guid(106d76f6b9c6e42078272ecdf26f8a67) Importer(815301076,1909f56bfc062723c751e8b465ee728b)
Start importing Assets/GameMain/Entities/Hoshi2.prefab using Guid(106d76f6b9c6e42078272ecdf26f8a67) Importer(815301076,1909f56bfc062723c751e8b465ee728b)  -> (artifact id: '0a93006ccc1fffe6dfa3feaf369ab3ed') in 0.199338 seconds
  Import took 0.205260 seconds .

========================================================================
Received Prepare
Registering precompiled user dll's ...
Registered in 0.002338 seconds.
Begin MonoManager ReloadAssembly
Native extension for OSXStandalone target not found
Refreshing native plugins compatible for Editor in 0.47 ms, found 2 plugins.
Preloading 0 native plugins for Editor in 0.00 ms.
Mono: successfully reloaded assembly
- Completed reload, in  1.558 seconds
Platform modules already initialized, skipping
Refreshing native plugins compatible for Editor in 0.76 ms, found 2 plugins.
Preloading 0 native plugins for Editor in 0.00 ms.
Unloading 1875 Unused Serialized files (Serialized files now loaded: 0)
System memory in use before: 196.3 MB.
System memory in use after: 196.4 MB.

Unloading 17 unused Assets to reduce memory usage. Loaded Objects now: 2373.
Total: 3.164882 ms (FindLiveObjects: 0.253950 ms CreateObjectMapping: 0.104551 ms MarkObjects: 2.716834 ms  DeleteObjects: 0.087820 ms)

========================================================================
Received Prepare
Registering precompiled user dll's ...
Registered in 0.005533 seconds.
Begin MonoManager ReloadAssembly
Native extension for OSXStandalone target not found
Refreshing native plugins compatible for Editor in 0.73 ms, found 2 plugins.
Preloading 0 native plugins for Editor in 0.00 ms.
Mono: successfully reloaded assembly
- Completed reload, in  1.502 seconds
Platform modules already initialized, skipping
Refreshing native plugins compatible for Editor in 0.72 ms, found 2 plugins.
Preloading 0 native plugins for Editor in 0.00 ms.
Unloading 1875 Unused Serialized files (Serialized files now loaded: 0)
System memory in use before: 196.5 MB.
System memory in use after: 196.6 MB.

Unloading 17 unused Assets to reduce memory usage. Loaded Objects now: 2376.
Total: 3.136454 ms (FindLiveObjects: 0.392405 ms CreateObjectMapping: 0.108556 ms MarkObjects: 2.539578 ms  DeleteObjects: 0.094192 ms)

========================================================================
Received Prepare
Registering precompiled user dll's ...
Registered in 0.002339 seconds.
Begin MonoManager ReloadAssembly
Native extension for OSXStandalone target not found
Refreshing native plugins compatible for Editor in 0.56 ms, found 2 plugins.
Preloading 0 native plugins for Editor in 0.00 ms.
Mono: successfully reloaded assembly
- Completed reload, in  1.493 seconds
Platform modules already initialized, skipping
Refreshing native plugins compatible for Editor in 0.61 ms, found 2 plugins.
Preloading 0 native plugins for Editor in 0.00 ms.
Unloading 1875 Unused Serialized files (Serialized files now loaded: 0)
System memory in use before: 196.7 MB.
System memory in use after: 196.8 MB.

Unloading 17 unused Assets to reduce memory usage. Loaded Objects now: 2379.
Total: 2.708926 ms (FindLiveObjects: 0.243800 ms CreateObjectMapping: 0.085989 ms MarkObjects: 2.296292 ms  DeleteObjects: 0.081696 ms)

========================================================================
Received Prepare
Registering precompiled user dll's ...
Registered in 0.004687 seconds.
Begin MonoManager ReloadAssembly
Native extension for OSXStandalone target not found
Refreshing native plugins compatible for Editor in 0.47 ms, found 2 plugins.
Preloading 0 native plugins for Editor in 0.00 ms.
Mono: successfully reloaded assembly
- Completed reload, in  1.598 seconds
Platform modules already initialized, skipping
Refreshing native plugins compatible for Editor in 0.49 ms, found 2 plugins.
Preloading 0 native plugins for Editor in 0.00 ms.
Unloading 1875 Unused Serialized files (Serialized files now loaded: 0)
System memory in use before: 196.9 MB.
System memory in use after: 197.0 MB.

Unloading 17 unused Assets to reduce memory usage. Loaded Objects now: 2382.
Total: 2.187181 ms (FindLiveObjects: 0.199970 ms CreateObjectMapping: 0.076081 ms MarkObjects: 1.847374 ms  DeleteObjects: 0.062783 ms)

========================================================================
Received Prepare
Registering precompiled user dll's ...
Registered in 0.003643 seconds.
Begin MonoManager ReloadAssembly
Native extension for OSXStandalone target not found
Refreshing native plugins compatible for Editor in 0.49 ms, found 2 plugins.
Preloading 0 native plugins for Editor in 0.00 ms.
Mono: successfully reloaded assembly
- Completed reload, in  1.565 seconds
Platform modules already initialized, skipping
Refreshing native plugins compatible for Editor in 0.52 ms, found 2 plugins.
Preloading 0 native plugins for Editor in 0.00 ms.
Unloading 1875 Unused Serialized files (Serialized files now loaded: 0)
System memory in use before: 197.1 MB.
System memory in use after: 197.1 MB.

Unloading 17 unused Assets to reduce memory usage. Loaded Objects now: 2385.
Total: 2.542026 ms (FindLiveObjects: 0.237722 ms CreateObjectMapping: 0.081861 ms MarkObjects: 2.136426 ms  DeleteObjects: 0.084900 ms)

========================================================================
Received Prepare
Registering precompiled user dll's ...
Registered in 0.004293 seconds.
Begin MonoManager ReloadAssembly
Native extension for OSXStandalone target not found
Refreshing native plugins compatible for Editor in 0.49 ms, found 2 plugins.
Preloading 0 native plugins for Editor in 0.00 ms.
Mono: successfully reloaded assembly
- Completed reload, in  1.309 seconds
Platform modules already initialized, skipping
Refreshing native plugins compatible for Editor in 0.67 ms, found 2 plugins.
Preloading 0 native plugins for Editor in 0.00 ms.
Unloading 1875 Unused Serialized files (Serialized files now loaded: 0)
System memory in use before: 197.2 MB.
System memory in use after: 197.3 MB.

Unloading 17 unused Assets to reduce memory usage. Loaded Objects now: 2388.
Total: 2.345951 ms (FindLiveObjects: 0.264339 ms CreateObjectMapping: 0.069348 ms MarkObjects: 1.933125 ms  DeleteObjects: 0.078230 ms)

========================================================================
Received Prepare
Registering precompiled user dll's ...
Registered in 0.004496 seconds.
Begin MonoManager ReloadAssembly
Native extension for OSXStandalone target not found
Refreshing native plugins compatible for Editor in 0.42 ms, found 2 plugins.
Preloading 0 native plugins for Editor in 0.00 ms.
Mono: successfully reloaded assembly
- Completed reload, in  1.507 seconds
Platform modules already initialized, skipping
Refreshing native plugins compatible for Editor in 0.62 ms, found 2 plugins.
Preloading 0 native plugins for Editor in 0.00 ms.
Unloading 1875 Unused Serialized files (Serialized files now loaded: 0)
System memory in use before: 197.4 MB.
System memory in use after: 197.5 MB.

Unloading 17 unused Assets to reduce memory usage. Loaded Objects now: 2391.
Total: 2.118464 ms (FindLiveObjects: 0.215399 ms CreateObjectMapping: 0.076197 ms MarkObjects: 1.755322 ms  DeleteObjects: 0.070497 ms)

========================================================================
Received Import Request.
  Time since last request: 755.999639 seconds.
  path: Assets/GameMain/Scripts/PlayerState/JumpState.cs
  artifactKey: Guid(ebf13059aff5246b9b24eb3794c3f159) Importer(815301076,1909f56bfc062723c751e8b465ee728b)
Start importing Assets/GameMain/Scripts/PlayerState/JumpState.cs using Guid(ebf13059aff5246b9b24eb3794c3f159) Importer(815301076,1909f56bfc062723c751e8b465ee728b)  -> (artifact id: 'd69938df9f71c5869ab53318aed47d0f') in 0.343204 seconds
  Import took 0.346802 seconds .

========================================================================
Received Import Request.
  Time since last request: 2.921373 seconds.
  path: Assets/GameMain/Scripts/PlayerState/PlayerState.cs
  artifactKey: Guid(c5a6c430acae546c3818025beb18598b) Importer(815301076,1909f56bfc062723c751e8b465ee728b)
Start importing Assets/GameMain/Scripts/PlayerState/PlayerState.cs using Guid(c5a6c430acae546c3818025beb18598b) Importer(815301076,1909f56bfc062723c751e8b465ee728b)  -> (artifact id: '0d0a1cbd915f37aa81398e09e86c7fd9') in 0.002423 seconds
  Import took 0.005780 seconds .

========================================================================
Received Import Request.
  Time since last request: 0.017352 seconds.
  path: Assets/GameMain/Scripts/PlayerState/PlayerState.cs
  artifactKey: Guid(c5a6c430acae546c3818025beb18598b) Importer(815301076,1909f56bfc062723c751e8b465ee728b)
Start importing Assets/GameMain/Scripts/PlayerState/PlayerState.cs using Guid(c5a6c430acae546c3818025beb18598b) Importer(815301076,1909f56bfc062723c751e8b465ee728b)  -> (artifact id: '0d0a1cbd915f37aa81398e09e86c7fd9') in 0.001852 seconds
  Import took 0.005411 seconds .

========================================================================
Received Import Request.
  Time since last request: 7.836039 seconds.
  path: Assets/GameMain/Entities/Hoshi2.prefab
  artifactKey: Guid(106d76f6b9c6e42078272ecdf26f8a67) Importer(815301076,1909f56bfc062723c751e8b465ee728b)
Start importing Assets/GameMain/Entities/Hoshi2.prefab using Guid(106d76f6b9c6e42078272ecdf26f8a67) Importer(815301076,1909f56bfc062723c751e8b465ee728b)  -> (artifact id: '1e61d4bebf81c8dbef5d4c57dfdf9c32') in 0.171023 seconds
  Import took 0.176767 seconds .

========================================================================
Received Prepare
Registering precompiled user dll's ...
Registered in 0.005545 seconds.
Begin MonoManager ReloadAssembly
Native extension for OSXStandalone target not found
Refreshing native plugins compatible for Editor in 0.48 ms, found 2 plugins.
Preloading 0 native plugins for Editor in 0.00 ms.
Mono: successfully reloaded assembly
- Completed reload, in  1.509 seconds
Platform modules already initialized, skipping
Refreshing native plugins compatible for Editor in 0.38 ms, found 2 plugins.
Preloading 0 native plugins for Editor in 0.00 ms.
Unloading 1875 Unused Serialized files (Serialized files now loaded: 0)
System memory in use before: 202.0 MB.
System memory in use after: 202.1 MB.

Unloading 17 unused Assets to reduce memory usage. Loaded Objects now: 2395.
Total: 2.135145 ms (FindLiveObjects: 0.204176 ms CreateObjectMapping: 0.072421 ms MarkObjects: 1.789189 ms  DeleteObjects: 0.068394 ms)

========================================================================
Received Prepare
Registering precompiled user dll's ...
Registered in 0.003259 seconds.
Begin MonoManager ReloadAssembly
Native extension for OSXStandalone target not found
Refreshing native plugins compatible for Editor in 0.59 ms, found 2 plugins.
Preloading 0 native plugins for Editor in 0.00 ms.
Mono: successfully reloaded assembly
- Completed reload, in  1.592 seconds
Platform modules already initialized, skipping
Refreshing native plugins compatible for Editor in 0.79 ms, found 2 plugins.
Preloading 0 native plugins for Editor in 0.00 ms.
Unloading 1875 Unused Serialized files (Serialized files now loaded: 0)
System memory in use before: 202.1 MB.
System memory in use after: 202.2 MB.

Unloading 17 unused Assets to reduce memory usage. Loaded Objects now: 2398.
Total: 2.359137 ms (FindLiveObjects: 0.192727 ms CreateObjectMapping: 0.062706 ms MarkObjects: 2.018636 ms  DeleteObjects: 0.084018 ms)

========================================================================
Received Prepare
Registering precompiled user dll's ...
Registered in 0.004409 seconds.
Begin MonoManager ReloadAssembly
Native extension for OSXStandalone target not found
Refreshing native plugins compatible for Editor in 0.45 ms, found 2 plugins.
Preloading 0 native plugins for Editor in 0.00 ms.
Mono: successfully reloaded assembly
- Completed reload, in  1.590 seconds
Platform modules already initialized, skipping
Refreshing native plugins compatible for Editor in 0.47 ms, found 2 plugins.
Preloading 0 native plugins for Editor in 0.00 ms.
Unloading 1875 Unused Serialized files (Serialized files now loaded: 0)
System memory in use before: 202.3 MB.
System memory in use after: 202.4 MB.

Unloading 17 unused Assets to reduce memory usage. Loaded Objects now: 2401.
Total: 2.490580 ms (FindLiveObjects: 0.216150 ms CreateObjectMapping: 0.073902 ms MarkObjects: 2.112686 ms  DeleteObjects: 0.086488 ms)

========================================================================
Received Prepare
Registering precompiled user dll's ...
Registered in 0.004362 seconds.
Begin MonoManager ReloadAssembly
Native extension for OSXStandalone target not found
Refreshing native plugins compatible for Editor in 0.48 ms, found 2 plugins.
Preloading 0 native plugins for Editor in 0.00 ms.
Mono: successfully reloaded assembly
- Completed reload, in  1.544 seconds
Platform modules already initialized, skipping
Refreshing native plugins compatible for Editor in 0.56 ms, found 2 plugins.
Preloading 0 native plugins for Editor in 0.00 ms.
Unloading 1875 Unused Serialized files (Serialized files now loaded: 0)
System memory in use before: 202.5 MB.
System memory in use after: 202.6 MB.

Unloading 17 unused Assets to reduce memory usage. Loaded Objects now: 2404.
Total: 1.786119 ms (FindLiveObjects: 0.174356 ms CreateObjectMapping: 0.054004 ms MarkObjects: 1.498953 ms  DeleteObjects: 0.057970 ms)

========================================================================
Received Prepare
Registering precompiled user dll's ...
Registered in 0.003101 seconds.
Begin MonoManager ReloadAssembly
Native extension for OSXStandalone target not found
Refreshing native plugins compatible for Editor in 0.54 ms, found 2 plugins.
Preloading 0 native plugins for Editor in 0.00 ms.
Mono: successfully reloaded assembly
- Completed reload, in  1.696 seconds
Platform modules already initialized, skipping
Refreshing native plugins compatible for Editor in 0.60 ms, found 2 plugins.
Preloading 0 native plugins for Editor in 0.00 ms.
Unloading 1875 Unused Serialized files (Serialized files now loaded: 0)
System memory in use before: 202.7 MB.
System memory in use after: 202.8 MB.

Unloading 17 unused Assets to reduce memory usage. Loaded Objects now: 2407.
Total: 3.717676 ms (FindLiveObjects: 0.275029 ms CreateObjectMapping: 0.087887 ms MarkObjects: 3.232458 ms  DeleteObjects: 0.120879 ms)

========================================================================
Received Prepare
Registering precompiled user dll's ...
Registered in 0.004130 seconds.
Begin MonoManager ReloadAssembly
Native extension for OSXStandalone target not found
Refreshing native plugins compatible for Editor in 0.45 ms, found 2 plugins.
Preloading 0 native plugins for Editor in 0.00 ms.
Mono: successfully reloaded assembly
- Completed reload, in  1.508 seconds
Platform modules already initialized, skipping
Refreshing native plugins compatible for Editor in 0.46 ms, found 2 plugins.
Preloading 0 native plugins for Editor in 0.00 ms.
Unloading 1875 Unused Serialized files (Serialized files now loaded: 0)
System memory in use before: 202.8 MB.
System memory in use after: 202.9 MB.

Unloading 17 unused Assets to reduce memory usage. Loaded Objects now: 2410.
Total: 2.036540 ms (FindLiveObjects: 0.208540 ms CreateObjectMapping: 0.069323 ms MarkObjects: 1.690930 ms  DeleteObjects: 0.066905 ms)

========================================================================
Received Prepare
Registering precompiled user dll's ...
Registered in 0.005388 seconds.
Begin MonoManager ReloadAssembly
Native extension for OSXStandalone target not found
Refreshing native plugins compatible for Editor in 0.48 ms, found 2 plugins.
Preloading 0 native plugins for Editor in 0.00 ms.
Mono: successfully reloaded assembly
- Completed reload, in  1.717 seconds
Platform modules already initialized, skipping
Refreshing native plugins compatible for Editor in 0.55 ms, found 2 plugins.
Preloading 0 native plugins for Editor in 0.00 ms.
Unloading 1875 Unused Serialized files (Serialized files now loaded: 0)
System memory in use before: 203.0 MB.
System memory in use after: 203.1 MB.

Unloading 17 unused Assets to reduce memory usage. Loaded Objects now: 2413.
Total: 2.399221 ms (FindLiveObjects: 0.325625 ms CreateObjectMapping: 0.086906 ms MarkObjects: 1.911992 ms  DeleteObjects: 0.073664 ms)

========================================================================
Received Import Request.
  Time since last request: 1517.606580 seconds.
  path: Assets/GameMain/Res/player/Animations2/Hoshi2.controller
  artifactKey: Guid(25d3d1dbc06f048e5943f997678dd305) Importer(815301076,1909f56bfc062723c751e8b465ee728b)
Start importing Assets/GameMain/Res/player/Animations2/Hoshi2.controller using Guid(25d3d1dbc06f048e5943f997678dd305) Importer(815301076,1909f56bfc062723c751e8b465ee728b)  -> (artifact id: '7e58f0c898eae703352dae70bb29444d') in 0.210354 seconds
  Import took 0.214443 seconds .

========================================================================
Received Import Request.
  Time since last request: 6.193719 seconds.
  path: Assets/GameMain/Res/player/Animations2/Jump_Move_Front.FBX
  artifactKey: Guid(5807b012d663e49a6bca1ba09277c057) Importer(815301076,1909f56bfc062723c751e8b465ee728b)
Start importing Assets/GameMain/Res/player/Animations2/Jump_Move_Front.FBX using Guid(5807b012d663e49a6bca1ba09277c057) Importer(815301076,1909f56bfc062723c751e8b465ee728b)  -> (artifact id: '4388cfef7bc0bf8fcc53cbcef6ddc329') in 0.371508 seconds
  Import took 0.375427 seconds .

========================================================================
Received Import Request.
  Time since last request: 19.060473 seconds.
  path: Assets/GameMain/Res/player/Animations2/Run_Uneqip.FBX
  artifactKey: Guid(fb71fd443f9cc4bd79bb6d564b7b4ed4) Importer(815301076,1909f56bfc062723c751e8b465ee728b)
Start importing Assets/GameMain/Res/player/Animations2/Run_Uneqip.FBX using Guid(fb71fd443f9cc4bd79bb6d564b7b4ed4) Importer(815301076,1909f56bfc062723c751e8b465ee728b)  -> (artifact id: '722b0279c1e9f3899d40e26a6a6faaef') in 0.045011 seconds
  Import took 0.048659 seconds .

========================================================================
Received Import Request.
  Time since last request: 0.001197 seconds.
  path: Assets/GameMain/Res/player/Animations2/Run_Uneqip.FBX
  artifactKey: Guid(fb71fd443f9cc4bd79bb6d564b7b4ed4) Importer(815301076,1909f56bfc062723c751e8b465ee728b)
Start importing Assets/GameMain/Res/player/Animations2/Run_Uneqip.FBX using Guid(fb71fd443f9cc4bd79bb6d564b7b4ed4) Importer(815301076,1909f56bfc062723c751e8b465ee728b)  -> (artifact id: '722b0279c1e9f3899d40e26a6a6faaef') in 0.041096 seconds
  Import took 0.045117 seconds .

========================================================================
Received Import Request.
  Time since last request: 0.436774 seconds.
  path: Assets/GameMain/Res/player/Animations2/Run_Eqip.FBX
  artifactKey: Guid(e062d10ceaebf4c969d8d1e7d5b5ba73) Importer(815301076,1909f56bfc062723c751e8b465ee728b)
Start importing Assets/GameMain/Res/player/Animations2/Run_Eqip.FBX using Guid(e062d10ceaebf4c969d8d1e7d5b5ba73) Importer(815301076,1909f56bfc062723c751e8b465ee728b)  -> (artifact id: 'edd5a7be4a24c56be6cc85de55fdaa59') in 0.044729 seconds
  Import took 0.049981 seconds .

========================================================================
Received Import Request.
  Time since last request: 0.002510 seconds.
  path: Assets/GameMain/Res/player/Animations2/Run_Eqip.FBX
  artifactKey: Guid(e062d10ceaebf4c969d8d1e7d5b5ba73) Importer(815301076,1909f56bfc062723c751e8b465ee728b)
Start importing Assets/GameMain/Res/player/Animations2/Run_Eqip.FBX using Guid(e062d10ceaebf4c969d8d1e7d5b5ba73) Importer(815301076,1909f56bfc062723c751e8b465ee728b)  -> (artifact id: 'edd5a7be4a24c56be6cc85de55fdaa59') in 0.042850 seconds
  Import took 0.047231 seconds .

========================================================================
Received Import Request.
  Time since last request: 1.094871 seconds.
  path: Assets/GameMain/Res/player/Animations2/Jump_Running 1.FBX
  artifactKey: Guid(b426c6b84c55145e08f73c585317a7ee) Importer(815301076,1909f56bfc062723c751e8b465ee728b)
Start importing Assets/GameMain/Res/player/Animations2/Jump_Running 1.FBX using Guid(b426c6b84c55145e08f73c585317a7ee) Importer(815301076,1909f56bfc062723c751e8b465ee728b)  -> (artifact id: 'd83c7cbde6fbc6fb9c78f678e52c8aaf') in 0.047984 seconds
  Import took 0.052751 seconds .

========================================================================
Received Import Request.
  Time since last request: 26.378469 seconds.
  path: Assets/GameMain/Res/player/Animations2/Jump_Running.FBX
  artifactKey: Guid(4ef0c2ce4844848f29c433a35a236c2a) Importer(815301076,1909f56bfc062723c751e8b465ee728b)
Start importing Assets/GameMain/Res/player/Animations2/Jump_Running.FBX using Guid(4ef0c2ce4844848f29c433a35a236c2a) Importer(815301076,1909f56bfc062723c751e8b465ee728b)  -> (artifact id: '81b617d2ec229a1ffe20076dc6ff1387') in 0.044434 seconds
  Import took 0.048551 seconds .

========================================================================
Received Import Request.
  Time since last request: 47.516402 seconds.
  path: Assets/GameMain/Res/player/Animations2/Jump_Running 1.FBX
  artifactKey: Guid(b426c6b84c55145e08f73c585317a7ee) Importer(815301076,1909f56bfc062723c751e8b465ee728b)
Start importing Assets/GameMain/Res/player/Animations2/Jump_Running 1.FBX using Guid(b426c6b84c55145e08f73c585317a7ee) Importer(815301076,1909f56bfc062723c751e8b465ee728b)  -> (artifact id: '98c0985d26f071c29e56df63d4a23431') in 0.042083 seconds
  Import took 0.046340 seconds .

========================================================================
Received Import Request.
  Time since last request: 20.512192 seconds.
  path: Assets/GameMain/Res/player/Animations2/Jump_Running.FBX
  artifactKey: Guid(4ef0c2ce4844848f29c433a35a236c2a) Importer(815301076,1909f56bfc062723c751e8b465ee728b)
Start importing Assets/GameMain/Res/player/Animations2/Jump_Running.FBX using Guid(4ef0c2ce4844848f29c433a35a236c2a) Importer(815301076,1909f56bfc062723c751e8b465ee728b)  -> (artifact id: '1a1553320724bf1c29d6b17ddfbe6511') in 0.046478 seconds
  Import took 0.051110 seconds .

========================================================================
Received Import Request.
  Time since last request: 2.732350 seconds.
  path: Assets/GameMain/Res/player/Animations2/Jump_Running.FBX
  artifactKey: Guid(4ef0c2ce4844848f29c433a35a236c2a) Importer(815301076,1909f56bfc062723c751e8b465ee728b)
Start importing Assets/GameMain/Res/player/Animations2/Jump_Running.FBX using Guid(4ef0c2ce4844848f29c433a35a236c2a) Importer(815301076,1909f56bfc062723c751e8b465ee728b)  -> (artifact id: '8da0ce4f0e4e524694dd15e1c1521f56') in 0.047438 seconds
  Import took 0.052108 seconds .

========================================================================
Received Import Request.
  Time since last request: 27.480651 seconds.
  path: Assets/GameMain/Res/player/Animations2/Run_Eqip.FBX
  artifactKey: Guid(e062d10ceaebf4c969d8d1e7d5b5ba73) Importer(815301076,1909f56bfc062723c751e8b465ee728b)
Start importing Assets/GameMain/Res/player/Animations2/Run_Eqip.FBX using Guid(e062d10ceaebf4c969d8d1e7d5b5ba73) Importer(815301076,1909f56bfc062723c751e8b465ee728b)  -> (artifact id: '3f4fd8ba0dcd1be4edb7a89fd480e6b8') in 0.043145 seconds
  Import took 0.047842 seconds .

========================================================================
Received Import Request.
  Time since last request: 20.911566 seconds.
  path: Assets/GameMain/Res/player/Animations2/Run_Eqip.FBX
  artifactKey: Guid(e062d10ceaebf4c969d8d1e7d5b5ba73) Importer(815301076,1909f56bfc062723c751e8b465ee728b)
Start importing Assets/GameMain/Res/player/Animations2/Run_Eqip.FBX using Guid(e062d10ceaebf4c969d8d1e7d5b5ba73) Importer(815301076,1909f56bfc062723c751e8b465ee728b)  -> (artifact id: '8778d60b24315a837341dd0c33315158') in 0.044226 seconds
  Import took 0.048636 seconds .

========================================================================
Received Import Request.
  Time since last request: 44.010154 seconds.
  path: Assets/GameMain/Res/player/Animations2/Jump_Move_Front.FBX
  artifactKey: Guid(5807b012d663e49a6bca1ba09277c057) Importer(815301076,1909f56bfc062723c751e8b465ee728b)
Start importing Assets/GameMain/Res/player/Animations2/Jump_Move_Front.FBX using Guid(5807b012d663e49a6bca1ba09277c057) Importer(815301076,1909f56bfc062723c751e8b465ee728b)  -> (artifact id: '14bd3bfa61055bca565a82cab88823e1') in 0.042441 seconds
  Import took 0.047272 seconds .

========================================================================
Received Import Request.
  Time since last request: 34.190746 seconds.
  path: Assets/GameMain/Res/player/Animations2/Jump_Move_Front.FBX
  artifactKey: Guid(5807b012d663e49a6bca1ba09277c057) Importer(815301076,1909f56bfc062723c751e8b465ee728b)
Start importing Assets/GameMain/Res/player/Animations2/Jump_Move_Front.FBX using Guid(5807b012d663e49a6bca1ba09277c057) Importer(815301076,1909f56bfc062723c751e8b465ee728b)  -> (artifact id: 'd822855d99f2948040006b8b5c18e0cb') in 0.027437 seconds
  Import took 0.032281 seconds .

========================================================================
Received Import Request.
  Time since last request: 55.222088 seconds.
  path: Assets/GameMain/Res/player/Animations2/Jump_Running 1.FBX
  artifactKey: Guid(b426c6b84c55145e08f73c585317a7ee) Importer(815301076,1909f56bfc062723c751e8b465ee728b)
Start importing Assets/GameMain/Res/player/Animations2/Jump_Running 1.FBX using Guid(b426c6b84c55145e08f73c585317a7ee) Importer(815301076,1909f56bfc062723c751e8b465ee728b)  -> (artifact id: 'd2f928fc9b2528d3d5498e0edaadd06e') in 0.048099 seconds
  Import took 0.052442 seconds .

========================================================================
Received Import Request.
  Time since last request: 10.794674 seconds.
  path: Assets/GameMain/Res/player/Animations2/Jump_Running 1.FBX
  artifactKey: Guid(b426c6b84c55145e08f73c585317a7ee) Importer(815301076,1909f56bfc062723c751e8b465ee728b)
Start importing Assets/GameMain/Res/player/Animations2/Jump_Running 1.FBX using Guid(b426c6b84c55145e08f73c585317a7ee) Importer(815301076,1909f56bfc062723c751e8b465ee728b)  -> (artifact id: '51be9a695a9292efdc073389ee38e3ca') in 0.042623 seconds
  Import took 0.046651 seconds .

========================================================================
Received Import Request.
  Time since last request: 39.297729 seconds.
  path: Assets/GameMain/Res/player/Animations2/Yuka@Run.fbx
  artifactKey: Guid(0eaa31f20f7264d7a8ec8893d75cf062) Importer(815301076,1909f56bfc062723c751e8b465ee728b)
Start importing Assets/GameMain/Res/player/Animations2/Yuka@Run.fbx using Guid(0eaa31f20f7264d7a8ec8893d75cf062) Importer(815301076,1909f56bfc062723c751e8b465ee728b)  -> (artifact id: '3119a8eef17782eff2040b55543ae794') in 0.457140 seconds
  Import took 0.461379 seconds .

========================================================================
Received Import Request.
  Time since last request: 8.744238 seconds.
  path: Assets/GameMain/Res/player/Animations2/Yuka@Run.fbx
  artifactKey: Guid(0eaa31f20f7264d7a8ec8893d75cf062) Importer(815301076,1909f56bfc062723c751e8b465ee728b)
Start importing Assets/GameMain/Res/player/Animations2/Yuka@Run.fbx using Guid(0eaa31f20f7264d7a8ec8893d75cf062) Importer(815301076,1909f56bfc062723c751e8b465ee728b)  -> (artifact id: 'dd08d66b555f6bbfe9f2e2e012a366b5') in 0.114416 seconds
  Import took 0.118775 seconds .

========================================================================
Received Import Request.
  Time since last request: 32.142639 seconds.
  path: Assets/GameMain/Res/player/Animations2/Run_Uneqip.FBX
  artifactKey: Guid(fb71fd443f9cc4bd79bb6d564b7b4ed4) Importer(815301076,1909f56bfc062723c751e8b465ee728b)
Start importing Assets/GameMain/Res/player/Animations2/Run_Uneqip.FBX using Guid(fb71fd443f9cc4bd79bb6d564b7b4ed4) Importer(815301076,1909f56bfc062723c751e8b465ee728b)  -> (artifact id: 'eca917d9905a58fede804e0eb4bf394e') in 0.042927 seconds
  Import took 0.046773 seconds .

========================================================================
Received Import Request.
  Time since last request: 173.172852 seconds.
  path: Assets/GameMain/Res/player/Animations2/Run_Eqip.FBX
  artifactKey: Guid(e062d10ceaebf4c969d8d1e7d5b5ba73) Importer(815301076,1909f56bfc062723c751e8b465ee728b)
Start importing Assets/GameMain/Res/player/Animations2/Run_Eqip.FBX using Guid(e062d10ceaebf4c969d8d1e7d5b5ba73) Importer(815301076,1909f56bfc062723c751e8b465ee728b)  -> (artifact id: 'd41370dd65a2baf6f50c21babbd31b7c') in 0.051615 seconds
  Import took 0.056139 seconds .

========================================================================
Received Import Request.
  Time since last request: 53.219980 seconds.
  path: Assets/GameMain/Res/player/Animations2/Jump_Move_Front.FBX
  artifactKey: Guid(5807b012d663e49a6bca1ba09277c057) Importer(815301076,1909f56bfc062723c751e8b465ee728b)
Start importing Assets/GameMain/Res/player/Animations2/Jump_Move_Front.FBX using Guid(5807b012d663e49a6bca1ba09277c057) Importer(815301076,1909f56bfc062723c751e8b465ee728b)  -> (artifact id: '831f72b0f66f18c5302d544da58dc5e0') in 0.035764 seconds
  Import took 0.040836 seconds .

========================================================================
Received Prepare
Registering precompiled user dll's ...
Registered in 0.004729 seconds.
Begin MonoManager ReloadAssembly
Native extension for OSXStandalone target not found
Refreshing native plugins compatible for Editor in 0.39 ms, found 2 plugins.
Preloading 0 native plugins for Editor in 0.00 ms.
Mono: successfully reloaded assembly
- Completed reload, in  1.419 seconds
Platform modules already initialized, skipping
Refreshing native plugins compatible for Editor in 0.46 ms, found 2 plugins.
Preloading 0 native plugins for Editor in 0.00 ms.
Unloading 1875 Unused Serialized files (Serialized files now loaded: 0)
System memory in use before: 219.4 MB.
System memory in use after: 219.5 MB.

Unloading 18 unused Assets to reduce memory usage. Loaded Objects now: 2453.
Total: 2.628821 ms (FindLiveObjects: 0.251982 ms CreateObjectMapping: 0.086937 ms MarkObjects: 2.190980 ms  DeleteObjects: 0.097715 ms)

========================================================================
Received Prepare
Registering precompiled user dll's ...
Registered in 0.003379 seconds.
Begin MonoManager ReloadAssembly
Native extension for OSXStandalone target not found
Refreshing native plugins compatible for Editor in 0.70 ms, found 2 plugins.
Preloading 0 native plugins for Editor in 0.00 ms.
Mono: successfully reloaded assembly
- Completed reload, in  1.593 seconds
Platform modules already initialized, skipping
Refreshing native plugins compatible for Editor in 0.45 ms, found 2 plugins.
Preloading 0 native plugins for Editor in 0.00 ms.
Unloading 1875 Unused Serialized files (Serialized files now loaded: 0)
System memory in use before: 219.5 MB.
System memory in use after: 219.6 MB.

Unloading 17 unused Assets to reduce memory usage. Loaded Objects now: 2456.
Total: 2.168459 ms (FindLiveObjects: 0.214555 ms CreateObjectMapping: 0.075725 ms MarkObjects: 1.793273 ms  DeleteObjects: 0.083953 ms)

========================================================================
Received Import Request.
  Time since last request: 842.240746 seconds.
  path: Assets/GameMain/Res/player/Animations2/Run_Eqip.FBX
  artifactKey: Guid(e062d10ceaebf4c969d8d1e7d5b5ba73) Importer(815301076,1909f56bfc062723c751e8b465ee728b)
Start importing Assets/GameMain/Res/player/Animations2/Run_Eqip.FBX using Guid(e062d10ceaebf4c969d8d1e7d5b5ba73) Importer(815301076,1909f56bfc062723c751e8b465ee728b)  -> (artifact id: 'c1402eac7fbfe4df74c90976ea8fb0f3') in 0.264521 seconds
  Import took 0.292177 seconds .

========================================================================
Received Import Request.
  Time since last request: 48.043763 seconds.
  path: Assets/GameMain/Res/player/Animations2/Run_Eqip.FBX
  artifactKey: Guid(e062d10ceaebf4c969d8d1e7d5b5ba73) Importer(815301076,1909f56bfc062723c751e8b465ee728b)
Start importing Assets/GameMain/Res/player/Animations2/Run_Eqip.FBX using Guid(e062d10ceaebf4c969d8d1e7d5b5ba73) Importer(815301076,1909f56bfc062723c751e8b465ee728b)  -> (artifact id: 'd969682b598b7bfbfcad52e5133b52dc') in 0.037659 seconds
  Import took 0.043749 seconds .

========================================================================
Received Import Request.
  Time since last request: 0.000547 seconds.
  path: Assets/GameMain/Res/player/Animations2/Run_Eqip.FBX
  artifactKey: Guid(e062d10ceaebf4c969d8d1e7d5b5ba73) Importer(815301076,1909f56bfc062723c751e8b465ee728b)
Start importing Assets/GameMain/Res/player/Animations2/Run_Eqip.FBX using Guid(e062d10ceaebf4c969d8d1e7d5b5ba73) Importer(815301076,1909f56bfc062723c751e8b465ee728b)  -> (artifact id: 'd969682b598b7bfbfcad52e5133b52dc') in 0.033830 seconds
  Import took 0.038614 seconds .

========================================================================
Received Import Request.
  Time since last request: 43.360852 seconds.
  path: Assets/GameMain/Res/player/Animations2/Run_Eqip.FBX
  artifactKey: Guid(e062d10ceaebf4c969d8d1e7d5b5ba73) Importer(815301076,1909f56bfc062723c751e8b465ee728b)
Start importing Assets/GameMain/Res/player/Animations2/Run_Eqip.FBX using Guid(e062d10ceaebf4c969d8d1e7d5b5ba73) Importer(815301076,1909f56bfc062723c751e8b465ee728b)  -> (artifact id: '43bf956b3b17f49227ab9796b6c51d01') in 0.035944 seconds
  Import took 0.040902 seconds .

========================================================================
Received Import Request.
  Time since last request: 0.004211 seconds.
  path: Assets/GameMain/Res/player/Animations2/Run_Eqip.FBX
  artifactKey: Guid(e062d10ceaebf4c969d8d1e7d5b5ba73) Importer(815301076,1909f56bfc062723c751e8b465ee728b)
Start importing Assets/GameMain/Res/player/Animations2/Run_Eqip.FBX using Guid(e062d10ceaebf4c969d8d1e7d5b5ba73) Importer(815301076,1909f56bfc062723c751e8b465ee728b)  -> (artifact id: '43bf956b3b17f49227ab9796b6c51d01') in 0.036729 seconds
  Import took 0.041861 seconds .

========================================================================
Received Import Request.
  Time since last request: 14.380236 seconds.
  path: Assets/GameMain/Res/player/Animations2/Materials
  artifactKey: Guid(e90ea67441f6140b8b88b975c7832d9c) Importer(815301076,1909f56bfc062723c751e8b465ee728b)
Start importing Assets/GameMain/Res/player/Animations2/Materials using Guid(e90ea67441f6140b8b88b975c7832d9c) Importer(815301076,1909f56bfc062723c751e8b465ee728b)  -> (artifact id: 'cefe31975b0fe4cf678329e7fbbf1b34') in 0.001238 seconds
  Import took 0.005173 seconds .

========================================================================
Received Import Request.
  Time since last request: 0.001284 seconds.
  path: Assets/GameMain/Res/player/Animations2/Materials
  artifactKey: Guid(e90ea67441f6140b8b88b975c7832d9c) Importer(815301076,1909f56bfc062723c751e8b465ee728b)
Start importing Assets/GameMain/Res/player/Animations2/Materials using Guid(e90ea67441f6140b8b88b975c7832d9c) Importer(815301076,1909f56bfc062723c751e8b465ee728b)  -> (artifact id: 'cefe31975b0fe4cf678329e7fbbf1b34') in 0.001258 seconds
  Import took 0.005375 seconds .

========================================================================
Received Import Request.
  Time since last request: 128.258590 seconds.
  path: Assets/GameMain/Res/player/Animations2/Hoshi2.controller
  artifactKey: Guid(25d3d1dbc06f048e5943f997678dd305) Importer(815301076,1909f56bfc062723c751e8b465ee728b)
Start importing Assets/GameMain/Res/player/Animations2/Hoshi2.controller using Guid(25d3d1dbc06f048e5943f997678dd305) Importer(815301076,1909f56bfc062723c751e8b465ee728b)  -> (artifact id: '123a0f856d606405abd04380260012a8') in 0.010615 seconds
  Import took 0.015092 seconds .

========================================================================
Received Import Request.
  Time since last request: 7.955770 seconds.
  path: Assets/Dynamic Sword Animset/Animations
  artifactKey: Guid(e708ba656fd444ca4b40829a69aab689) Importer(815301076,1909f56bfc062723c751e8b465ee728b)
Start importing Assets/Dynamic Sword Animset/Animations using Guid(e708ba656fd444ca4b40829a69aab689) Importer(815301076,1909f56bfc062723c751e8b465ee728b)  -> (artifact id: 'abd48f442dcfc8148761df5825fde830') in 0.002092 seconds
  Import took 0.006367 seconds .

========================================================================
Received Import Request.
  Time since last request: 0.866180 seconds.
  path: Assets/Dynamic Sword Animset/Animations/InPlace
  artifactKey: Guid(9fbf79a7a48db45c99b01aadd2737e89) Importer(815301076,1909f56bfc062723c751e8b465ee728b)
Start importing Assets/Dynamic Sword Animset/Animations/InPlace using Guid(9fbf79a7a48db45c99b01aadd2737e89) Importer(815301076,1909f56bfc062723c751e8b465ee728b)  -> (artifact id: 'f24ec71c330787bd74500bf3ab724cb5') in 0.002309 seconds
  Import took 0.006131 seconds .

========================================================================
Received Import Request.
  Time since last request: 0.771174 seconds.
  path: Assets/Dynamic Sword Animset/Animations/InPlace/Run_Eqip.FBX
  artifactKey: Guid(becf4bd5f6f4e2849a95cfa88e946fb1) Importer(815301076,1909f56bfc062723c751e8b465ee728b)
Start importing Assets/Dynamic Sword Animset/Animations/InPlace/Run_Eqip.FBX using Guid(becf4bd5f6f4e2849a95cfa88e946fb1) Importer(815301076,1909f56bfc062723c751e8b465ee728b)  -> (artifact id: '7a5384e5fd2ea0d74e2d384693fd2c9d') in 0.039435 seconds
  Import took 0.043481 seconds .

========================================================================
Received Import Request.
  Time since last request: 0.009225 seconds.
  path: Assets/Dynamic Sword Animset/Animations/InPlace/Run_Eqip.FBX
  artifactKey: Guid(becf4bd5f6f4e2849a95cfa88e946fb1) Importer(815301076,1909f56bfc062723c751e8b465ee728b)
Start importing Assets/Dynamic Sword Animset/Animations/InPlace/Run_Eqip.FBX using Guid(becf4bd5f6f4e2849a95cfa88e946fb1) Importer(815301076,1909f56bfc062723c751e8b465ee728b)  -> (artifact id: '7a5384e5fd2ea0d74e2d384693fd2c9d') in 0.031919 seconds
  Import took 0.037286 seconds .

========================================================================
Received Import Request.
  Time since last request: 89.092808 seconds.
  path: Assets/Dynamic Sword Animset/Animations/InPlace/Run_Eqip.FBX
  artifactKey: Guid(becf4bd5f6f4e2849a95cfa88e946fb1) Importer(815301076,1909f56bfc062723c751e8b465ee728b)
Start importing Assets/Dynamic Sword Animset/Animations/InPlace/Run_Eqip.FBX using Guid(becf4bd5f6f4e2849a95cfa88e946fb1) Importer(815301076,1909f56bfc062723c751e8b465ee728b)  -> (artifact id: 'e2a02248f94a0bd62b4b29449e8b088b') in 0.032359 seconds
  Import took 0.036471 seconds .

========================================================================
Received Prepare
Registering precompiled user dll's ...
Registered in 0.003910 seconds.
Begin MonoManager ReloadAssembly
Native extension for OSXStandalone target not found
Refreshing native plugins compatible for Editor in 0.75 ms, found 2 plugins.
Preloading 0 native plugins for Editor in 0.00 ms.
Mono: successfully reloaded assembly
- Completed reload, in  1.704 seconds
Platform modules already initialized, skipping
Refreshing native plugins compatible for Editor in 0.47 ms, found 2 plugins.
Preloading 0 native plugins for Editor in 0.00 ms.
Unloading 1875 Unused Serialized files (Serialized files now loaded: 0)
System memory in use before: 220.4 MB.
System memory in use after: 220.5 MB.

Unloading 18 unused Assets to reduce memory usage. Loaded Objects now: 2460.
Total: 2.532584 ms (FindLiveObjects: 0.296025 ms CreateObjectMapping: 0.078639 ms MarkObjects: 2.036037 ms  DeleteObjects: 0.120781 ms)

========================================================================
Received Import Request.
  Time since last request: 182.348867 seconds.
  path: Assets/Yuka
  artifactKey: Guid(236691b699cab4dee829f1f54a6d2fdc) Importer(815301076,1909f56bfc062723c751e8b465ee728b)
Start importing Assets/Yuka using Guid(236691b699cab4dee829f1f54a6d2fdc) Importer(815301076,1909f56bfc062723c751e8b465ee728b)  -> (artifact id: '33bb13b358cc9a4fc7ca46878d9b5e8d') in 0.004601 seconds
  Import took 0.009800 seconds .

========================================================================
Received Import Request.
  Time since last request: 2.854214 seconds.
  path: Assets/Yuka/Animation
  artifactKey: Guid(97f114aaa8cc0415294f450a79b3c297) Importer(815301076,1909f56bfc062723c751e8b465ee728b)
Start importing Assets/Yuka/Animation using Guid(97f114aaa8cc0415294f450a79b3c297) Importer(815301076,1909f56bfc062723c751e8b465ee728b)  -> (artifact id: 'e34431e03a7845929af0c412a9523773') in 0.000940 seconds
  Import took 0.005155 seconds .

========================================================================
Received Import Request.
  Time since last request: 1.098999 seconds.
  path: Assets/Yuka/Animation/Materials
  artifactKey: Guid(f4ebfff09843b4b47a726fe9049b6034) Importer(815301076,1909f56bfc062723c751e8b465ee728b)
Start importing Assets/Yuka/Animation/Materials using Guid(f4ebfff09843b4b47a726fe9049b6034) Importer(815301076,1909f56bfc062723c751e8b465ee728b)  -> (artifact id: '3d6e4190484dcbf8c95f23ffcd815a6b') in 0.001011 seconds
  Import took 0.004929 seconds .

========================================================================
Received Import Request.
  Time since last request: 5.971770 seconds.
  path: Assets/Yuka/Animation/Yuka@Run.fbx
  artifactKey: Guid(a2d41dc30bc30f04dabb8cbef7d77b83) Importer(815301076,1909f56bfc062723c751e8b465ee728b)
Start importing Assets/Yuka/Animation/Yuka@Run.fbx using Guid(a2d41dc30bc30f04dabb8cbef7d77b83) Importer(815301076,1909f56bfc062723c751e8b465ee728b)  -> (artifact id: '9fa20300ced2783bf0e91daaa2707435') in 0.176499 seconds
  Import took 0.180622 seconds .

========================================================================
Received Import Request.
  Time since last request: 34.080039 seconds.
  path: Assets/Yuka/Animation/Yuka@Run.fbx
  artifactKey: Guid(a2d41dc30bc30f04dabb8cbef7d77b83) Importer(815301076,1909f56bfc062723c751e8b465ee728b)
Start importing Assets/Yuka/Animation/Yuka@Run.fbx using Guid(a2d41dc30bc30f04dabb8cbef7d77b83) Importer(815301076,1909f56bfc062723c751e8b465ee728b)  -> (artifact id: '84a12743c006f6fbf96558775b605d49') in 0.088280 seconds
  Import took 0.094206 seconds .

========================================================================
Received Import Request.
  Time since last request: 4.482186 seconds.
  path: Assets/Yuka/Animation/Yuka@Run.fbx
  artifactKey: Guid(a2d41dc30bc30f04dabb8cbef7d77b83) Importer(815301076,1909f56bfc062723c751e8b465ee728b)
Start importing Assets/Yuka/Animation/Yuka@Run.fbx using Guid(a2d41dc30bc30f04dabb8cbef7d77b83) Importer(815301076,1909f56bfc062723c751e8b465ee728b)  -> (artifact id: '47c7cdd1275b7bf38de794de3cfddc8f') in 0.079202 seconds
  Import took 0.084925 seconds .

========================================================================
Received Import Request.
  Time since last request: 45.014558 seconds.
  path: Assets/GameMain/Res/player/Animations2/Hoshi2.controller
  artifactKey: Guid(25d3d1dbc06f048e5943f997678dd305) Importer(815301076,1909f56bfc062723c751e8b465ee728b)
Start importing Assets/GameMain/Res/player/Animations2/Hoshi2.controller using Guid(25d3d1dbc06f048e5943f997678dd305) Importer(815301076,1909f56bfc062723c751e8b465ee728b)  -> (artifact id: '3011b23288fdaa35b80361e90fe2d03c') in 0.011870 seconds
  Import took 0.016238 seconds .

========================================================================
Received Prepare
Registering precompiled user dll's ...
Registered in 0.004826 seconds.
Begin MonoManager ReloadAssembly
Native extension for OSXStandalone target not found
Refreshing native plugins compatible for Editor in 0.46 ms, found 2 plugins.
Preloading 0 native plugins for Editor in 0.00 ms.
Mono: successfully reloaded assembly
- Completed reload, in  1.568 seconds
Platform modules already initialized, skipping
Refreshing native plugins compatible for Editor in 0.54 ms, found 2 plugins.
Preloading 0 native plugins for Editor in 0.00 ms.
Unloading 1875 Unused Serialized files (Serialized files now loaded: 0)
System memory in use before: 221.5 MB.
System memory in use after: 221.6 MB.

Unloading 18 unused Assets to reduce memory usage. Loaded Objects now: 2464.
Total: 2.698744 ms (FindLiveObjects: 0.244759 ms CreateObjectMapping: 0.082726 ms MarkObjects: 2.278897 ms  DeleteObjects: 0.091244 ms)

========================================================================
Received Prepare
Registering precompiled user dll's ...
Registered in 0.004479 seconds.
Begin MonoManager ReloadAssembly
Native extension for OSXStandalone target not found
Refreshing native plugins compatible for Editor in 0.58 ms, found 2 plugins.
Preloading 0 native plugins for Editor in 0.00 ms.
Mono: successfully reloaded assembly
- Completed reload, in  1.629 seconds
Platform modules already initialized, skipping
Refreshing native plugins compatible for Editor in 0.42 ms, found 2 plugins.
Preloading 0 native plugins for Editor in 0.00 ms.
Unloading 1875 Unused Serialized files (Serialized files now loaded: 0)
System memory in use before: 221.7 MB.
System memory in use after: 221.8 MB.

Unloading 17 unused Assets to reduce memory usage. Loaded Objects now: 2467.
Total: 2.342883 ms (FindLiveObjects: 0.229689 ms CreateObjectMapping: 0.078781 ms MarkObjects: 1.947162 ms  DeleteObjects: 0.086345 ms)

========================================================================
Received Import Request.
  Time since last request: 294.631914 seconds.
  path: Assets/GameMain/Res/player/Animations2/Hoshi2.controller
  artifactKey: Guid(25d3d1dbc06f048e5943f997678dd305) Importer(815301076,1909f56bfc062723c751e8b465ee728b)
Start importing Assets/GameMain/Res/player/Animations2/Hoshi2.controller using Guid(25d3d1dbc06f048e5943f997678dd305) Importer(815301076,1909f56bfc062723c751e8b465ee728b)  -> (artifact id: '2b29fb16feaffd0181b2f4394ff874be') in 0.038388 seconds
  Import took 0.044022 seconds .

========================================================================
Received Prepare
Registering precompiled user dll's ...
Registered in 0.005143 seconds.
Begin MonoManager ReloadAssembly
Native extension for OSXStandalone target not found
Refreshing native plugins compatible for Editor in 0.91 ms, found 2 plugins.
Preloading 0 native plugins for Editor in 0.00 ms.
Mono: successfully reloaded assembly
- Completed reload, in  1.913 seconds
Platform modules already initialized, skipping
Refreshing native plugins compatible for Editor in 0.55 ms, found 2 plugins.
Preloading 0 native plugins for Editor in 0.00 ms.
Unloading 1875 Unused Serialized files (Serialized files now loaded: 0)
System memory in use before: 221.9 MB.
System memory in use after: 222.0 MB.

Unloading 17 unused Assets to reduce memory usage. Loaded Objects now: 2470.
Total: 3.847598 ms (FindLiveObjects: 0.610804 ms CreateObjectMapping: 0.238660 ms MarkObjects: 2.896081 ms  DeleteObjects: 0.100574 ms)

========================================================================
Received Prepare
Registering precompiled user dll's ...
Registered in 0.004188 seconds.
Begin MonoManager ReloadAssembly
Native extension for OSXStandalone target not found
Refreshing native plugins compatible for Editor in 0.50 ms, found 2 plugins.
Preloading 0 native plugins for Editor in 0.00 ms.
Mono: successfully reloaded assembly
- Completed reload, in  1.894 seconds
Platform modules already initialized, skipping
Refreshing native plugins compatible for Editor in 0.48 ms, found 2 plugins.
Preloading 0 native plugins for Editor in 0.00 ms.
Unloading 1875 Unused Serialized files (Serialized files now loaded: 0)
System memory in use before: 222.0 MB.
System memory in use after: 222.1 MB.

Unloading 17 unused Assets to reduce memory usage. Loaded Objects now: 2473.
Total: 4.111103 ms (FindLiveObjects: 0.423233 ms CreateObjectMapping: 0.195652 ms MarkObjects: 3.384083 ms  DeleteObjects: 0.106895 ms)

========================================================================
Received Import Request.
  Time since last request: 425.902311 seconds.
  path: Assets/GameMain/Res/player/Animations2/Yuka@Run.fbx
  artifactKey: Guid(a2d41dc30bc30f04dabb8cbef7d77b83) Importer(815301076,1909f56bfc062723c751e8b465ee728b)
Start importing Assets/GameMain/Res/player/Animations2/Yuka@Run.fbx using Guid(a2d41dc30bc30f04dabb8cbef7d77b83) Importer(815301076,1909f56bfc062723c751e8b465ee728b)  -> (artifact id: '84055624c696a23522a93690d4b5dc5e') in 0.194867 seconds
  Import took 0.201091 seconds .

========================================================================
Received Import Request.
  Time since last request: 0.000495 seconds.
  path: Assets/GameMain/Res/player/Animations2/Yuka@Run.fbx
  artifactKey: Guid(a2d41dc30bc30f04dabb8cbef7d77b83) Importer(815301076,1909f56bfc062723c751e8b465ee728b)
Start importing Assets/GameMain/Res/player/Animations2/Yuka@Run.fbx using Guid(a2d41dc30bc30f04dabb8cbef7d77b83) Importer(815301076,1909f56bfc062723c751e8b465ee728b)  -> (artifact id: '84055624c696a23522a93690d4b5dc5e') in 0.085006 seconds
  Import took 0.089682 seconds .

========================================================================
Received Prepare
Registering precompiled user dll's ...
Registered in 0.005558 seconds.
Begin MonoManager ReloadAssembly
Native extension for OSXStandalone target not found
Refreshing native plugins compatible for Editor in 0.48 ms, found 2 plugins.
Preloading 0 native plugins for Editor in 0.00 ms.
Mono: successfully reloaded assembly
- Completed reload, in  1.718 seconds
Platform modules already initialized, skipping
Refreshing native plugins compatible for Editor in 0.51 ms, found 2 plugins.
Preloading 0 native plugins for Editor in 0.00 ms.
Unloading 1875 Unused Serialized files (Serialized files now loaded: 0)
System memory in use before: 222.7 MB.
System memory in use after: 222.8 MB.

Unloading 18 unused Assets to reduce memory usage. Loaded Objects now: 2477.
Total: 2.852040 ms (FindLiveObjects: 0.254952 ms CreateObjectMapping: 0.099408 ms MarkObjects: 2.401805 ms  DeleteObjects: 0.094615 ms)

========================================================================
Received Prepare
Registering precompiled user dll's ...
Registered in 0.004988 seconds.
Begin MonoManager ReloadAssembly
Native extension for OSXStandalone target not found
Refreshing native plugins compatible for Editor in 0.38 ms, found 2 plugins.
Preloading 0 native plugins for Editor in 0.00 ms.
Mono: successfully reloaded assembly
- Completed reload, in  1.333 seconds
Platform modules already initialized, skipping
Refreshing native plugins compatible for Editor in 0.46 ms, found 2 plugins.
Preloading 0 native plugins for Editor in 0.00 ms.
Unloading 1875 Unused Serialized files (Serialized files now loaded: 0)
System memory in use before: 222.8 MB.
System memory in use after: 222.9 MB.

Unloading 17 unused Assets to reduce memory usage. Loaded Objects now: 2480.
Total: 2.673808 ms (FindLiveObjects: 0.260000 ms CreateObjectMapping: 0.096056 ms MarkObjects: 2.226877 ms  DeleteObjects: 0.089677 ms)

========================================================================
Received Import Request.
  Time since last request: 1734.425649 seconds.
  path: Assets/GameMain/Entities/Hoshi2.prefab
  artifactKey: Guid(106d76f6b9c6e42078272ecdf26f8a67) Importer(815301076,1909f56bfc062723c751e8b465ee728b)
Start importing Assets/GameMain/Entities/Hoshi2.prefab using Guid(106d76f6b9c6e42078272ecdf26f8a67) Importer(815301076,1909f56bfc062723c751e8b465ee728b)  -> (artifact id: '7b372fe59d2b32ae26c6090063dbf27d') in 0.211656 seconds
  Import took 0.219208 seconds .

========================================================================
Received Prepare
Registering precompiled user dll's ...
Registered in 0.003144 seconds.
Begin MonoManager ReloadAssembly
Native extension for OSXStandalone target not found
Refreshing native plugins compatible for Editor in 0.48 ms, found 2 plugins.
Preloading 0 native plugins for Editor in 0.00 ms.
Mono: successfully reloaded assembly
- Completed reload, in  1.598 seconds
Platform modules already initialized, skipping
Refreshing native plugins compatible for Editor in 0.44 ms, found 2 plugins.
Preloading 0 native plugins for Editor in 0.00 ms.
Unloading 1875 Unused Serialized files (Serialized files now loaded: 0)
System memory in use before: 223.2 MB.
System memory in use after: 223.3 MB.

Unloading 17 unused Assets to reduce memory usage. Loaded Objects now: 2484.
Total: 2.146393 ms (FindLiveObjects: 0.210303 ms CreateObjectMapping: 0.068665 ms MarkObjects: 1.793102 ms  DeleteObjects: 0.073324 ms)

========================================================================
Received Prepare
Registering precompiled user dll's ...
Registered in 0.004902 seconds.
Begin MonoManager ReloadAssembly
Native extension for OSXStandalone target not found
Refreshing native plugins compatible for Editor in 0.49 ms, found 2 plugins.
Preloading 0 native plugins for Editor in 0.00 ms.
Mono: successfully reloaded assembly
- Completed reload, in  1.634 seconds
Platform modules already initialized, skipping
Refreshing native plugins compatible for Editor in 0.43 ms, found 2 plugins.
Preloading 0 native plugins for Editor in 0.00 ms.
Unloading 1875 Unused Serialized files (Serialized files now loaded: 0)
System memory in use before: 223.4 MB.
System memory in use after: 223.5 MB.

Unloading 17 unused Assets to reduce memory usage. Loaded Objects now: 2487.
Total: 2.656754 ms (FindLiveObjects: 0.261257 ms CreateObjectMapping: 0.078037 ms MarkObjects: 2.229181 ms  DeleteObjects: 0.086719 ms)

========================================================================
Received Prepare
Registering precompiled user dll's ...
Registered in 0.004281 seconds.
Begin MonoManager ReloadAssembly
Native extension for OSXStandalone target not found
Refreshing native plugins compatible for Editor in 0.56 ms, found 2 plugins.
Preloading 0 native plugins for Editor in 0.00 ms.
Mono: successfully reloaded assembly
- Completed reload, in  1.612 seconds
Platform modules already initialized, skipping
Refreshing native plugins compatible for Editor in 0.48 ms, found 2 plugins.
Preloading 0 native plugins for Editor in 0.00 ms.
Unloading 1875 Unused Serialized files (Serialized files now loaded: 0)
System memory in use before: 223.6 MB.
System memory in use after: 223.7 MB.

Unloading 17 unused Assets to reduce memory usage. Loaded Objects now: 2490.
Total: 2.823040 ms (FindLiveObjects: 0.265857 ms CreateObjectMapping: 0.094656 ms MarkObjects: 2.368814 ms  DeleteObjects: 0.092308 ms)

========================================================================
Received Prepare
Registering precompiled user dll's ...
Registered in 0.004294 seconds.
Begin MonoManager ReloadAssembly
Native extension for OSXStandalone target not found
Refreshing native plugins compatible for Editor in 0.48 ms, found 2 plugins.
Preloading 0 native plugins for Editor in 0.00 ms.
Mono: successfully reloaded assembly
- Completed reload, in  1.628 seconds
Platform modules already initialized, skipping
Refreshing native plugins compatible for Editor in 0.62 ms, found 2 plugins.
Preloading 0 native plugins for Editor in 0.00 ms.
Unloading 1875 Unused Serialized files (Serialized files now loaded: 0)
System memory in use before: 223.7 MB.
System memory in use after: 223.8 MB.

Unloading 17 unused Assets to reduce memory usage. Loaded Objects now: 2493.
Total: 2.212624 ms (FindLiveObjects: 0.248552 ms CreateObjectMapping: 0.090054 ms MarkObjects: 1.797056 ms  DeleteObjects: 0.075835 ms)

